[debug] ----------------------------------------------------------------------
[debug] Command:      /usr/local/bin/node /usr/local/bin/firebase serve
[debug] CLI Version:  3.5.0
[debug] Platform:     darwin
[debug] Node Version: v4.4.7
[debug] Time:         Sat Mar 18 2017 15:05:07 GMT-0500 (CDT)
[debug] ----------------------------------------------------------------------
[debug] 
[info] Starting Firebase development server...
[info] 
[info] Project Directory: /Users/Ollie/Documents/Marketing App
[warn] ⚠  Port 5000 is not available. Trying another port...
[info] Public Directory: public
[info] 
[info] Server listening at: http://localhost:5001
[debug] ----------------------------------------------------------------------
[debug] Command:      /usr/local/bin/node /usr/local/bin/firebase deploy
[debug] CLI Version:  3.5.0
[debug] Platform:     darwin
[debug] Node Version: v4.4.7
[debug] Time:         Sat Mar 18 2017 15:07:12 GMT-0500 (CDT)
[debug] ----------------------------------------------------------------------
[debug] 
[debug] > command requires scopes: ["email","openid","https://www.googleapis.com/auth/cloudplatformprojects.readonly","https://www.googleapis.com/auth/firebase","https://www.googleapis.com/auth/cloud-platform"]
[debug] >>> HTTP REQUEST GET https://admin.firebase.com/v1/projects/marketing-app-ee3c5  
 Sat Mar 18 2017 15:07:12 GMT-0500 (CDT)
[debug] <<< HTTP RESPONSE 200
[debug] >>> HTTP REQUEST GET https://admin.firebase.com/v1/database/marketing-app-ee3c5/tokens  
 Sat Mar 18 2017 15:07:13 GMT-0500 (CDT)
[debug] <<< HTTP RESPONSE 200
[info] 
[info] === Deploying to 'marketing-app-ee3c5'...
[info] 
[info] i  deploying database, functions, hosting
[info] ✔  database: rules ready to deploy.
[debug] > [functions] package.json contents: {
  "name": "functions",
  "description": "Cloud Functions for Firebase",
  "dependencies": {
    "firebase-admin": "^4.1.2",
    "firebase-functions": "^0.5"
  },
  "private": true
}
[info] i  functions: ensuring necessary APIs are enabled...
[info] i  runtimeconfig: ensuring necessary APIs are enabled...
[debug] >>> HTTP REQUEST GET https://servicemanagement.googleapis.com/v1/services/cloudfunctions.googleapis.com/projectSettings/marketing-app-ee3c5?view=CONSUMER_VIEW  
 Sat Mar 18 2017 15:07:15 GMT-0500 (CDT)
[debug] >>> HTTP REQUEST GET https://servicemanagement.googleapis.com/v1/services/runtimeconfig.googleapis.com/projectSettings/marketing-app-ee3c5?view=CONSUMER_VIEW  
 Sat Mar 18 2017 15:07:15 GMT-0500 (CDT)
[debug] <<< HTTP RESPONSE 200
[info] ✔  runtimeconfig: all necessary APIs are enabled
[debug] <<< HTTP RESPONSE 200
[info] ✔  functions: all necessary APIs are enabled
[debug] >>> HTTP REQUEST GET https://appengine.googleapis.com/v1/apps/marketing-app-ee3c5  
 Sat Mar 18 2017 15:07:16 GMT-0500 (CDT)
[debug] >>> HTTP REQUEST GET https://apikeys.googleapis.com/v1/projects/marketing-app-ee3c5/apiKeys  
 Sat Mar 18 2017 15:07:16 GMT-0500 (CDT)
[debug] <<< HTTP RESPONSE 200
[debug] <<< HTTP RESPONSE 200
[info] i  functions: preparing functions directory for uploading...
[debug] >>> HTTP REQUEST GET https://runtimeconfig.googleapis.com/v1beta1/projects/marketing-app-ee3c5/configs  
 Sat Mar 18 2017 15:07:19 GMT-0500 (CDT)
[debug] <<< HTTP RESPONSE 200
[debug] > [functions] runtime config materialized as: {
  "firebase": {
    "databaseURL": "https://marketing-app-ee3c5.firebaseio.com",
    "storageBucket": "marketing-app-ee3c5.appspot.com",
    "apiKey": "AIzaSyAV45ZxJQ7puyrCwb7pRMb1d4Xks7JJ7NA",
    "authDomain": "marketing-app-ee3c5.firebaseapp.com"
  }
}
[debug] > [functions] parsed triggers: []
[info] i  hosting: preparing public directory for upload...
[debug] >>> HTTP REQUEST PUT https://deploy.firebase.com/v1/hosting/marketing-app-ee3c5/uploads/-KfY1-29D_nEFihpWPPQ?fileCount=2982&message=  
 Sat Mar 18 2017 15:07:26 GMT-0500 (CDT)
